<?xml version="1.0" encoding="UTF-8"?>
<!-- Generated by org.testng.reporters.JUnitReportReporter -->
<testsuite hostname="HarikaKadiyam" failures="0" tests="2" name="SeleniumWithTestNG.SeleniumWithTestNG" time="14.708" errors="0" timestamp="2026-03-17T12:37:12 IST" skipped="0">
  <testcase classname="SeleniumWithTestNG.SeleniumWithTestNG" name="loginTest" time="8.077"/>
  <testcase classname="SeleniumWithTestNG.SeleniumWithTestNG" name="invalidLoginTest" time="6.631"/>
</testsuite> <!-- SeleniumWithTestNG.SeleniumWithTestNG -->
