<?xml version="1.0" encoding="UTF-8"?>
<!-- Generated by org.testng.reporters.JUnitReportReporter -->
<testsuite hostname="HarikaKadiyam" failures="0" tests="6" name="tests.LoginTests" time="34.990" errors="0" timestamp="2026-03-17T12:10:41 IST" skipped="0">
  <testcase classname="tests.LoginTests" name="loginTest" time="9.798"/>
  <testcase classname="tests.LoginTests" name="loginTest" time="4.438"/>
  <testcase classname="tests.LoginTests" name="loginTest" time="6.230"/>
  <testcase classname="tests.LoginTests" name="loginTest" time="4.794"/>
  <testcase classname="tests.LoginTests" name="loginTest" time="5.159"/>
  <testcase classname="tests.LoginTests" name="loginTest" time="4.571"/>
</testsuite> <!-- tests.LoginTests -->
